2017-06-24 14:24:52,635  INFO [main] TestBase:60 - Creating object of Chrome
2017-06-24 14:27:08,656  INFO [main] TestBase:60 - Creating object of Chrome
2017-06-24 14:30:41,508  INFO [main] TestBase:60 - Creating object of firefox
2017-06-24 14:30:54,978  INFO [main] TestBase:87 - Navigating to :https://www.vodafone.co.uk/myvodafone
2017-06-24 14:31:18,721  INFO [main] TC01_VerifyPayMentJourney:31 - ==========Starting VerifyPayMentJourney Test===============
2017-06-24 14:31:37,621  INFO [main] HomePage:76 - Entered emailId:-nulland object is:-[[FirefoxDriver: firefox on WINDOWS (07a3280e-1adc-4417-a75f-3714be4f2cd1)] -> id: userId]
2017-06-24 14:31:38,888  INFO [main] HomePage:83 - Entered Password:-nulland object is:-[[FirefoxDriver: firefox on WINDOWS (07a3280e-1adc-4417-a75f-3714be4f2cd1)] -> id: passwordLogin]
2017-06-24 14:31:40,662  INFO [main] HomePage:86 - clicked on logged and the object is :-[[FirefoxDriver: firefox on WINDOWS (07a3280e-1adc-4417-a75f-3714be4f2cd1)] -> xpath: //div[@class='formButtonContainer']/input[@value='Log in now']]
2017-06-24 14:34:58,606  INFO [main] TestBase:60 - Creating object of firefox
2017-06-24 14:35:05,877  INFO [main] TestBase:87 - Navigating to :https://www.vodafone.co.uk/myvodafone
2017-06-24 14:35:28,624  INFO [main] TC01_VerifyPayMentJourney:31 - ==========Starting VerifyPayMentJourney Test===============
2017-06-24 14:35:47,796  INFO [main] HomePage:76 - Entered emailId:-nulland object is:-[[FirefoxDriver: firefox on WINDOWS (9b9d4a54-bab4-4a8c-9387-db07c515d5e4)] -> id: userId]
2017-06-24 14:35:49,032  INFO [main] HomePage:83 - Entered Password:-nulland object is:-[[FirefoxDriver: firefox on WINDOWS (9b9d4a54-bab4-4a8c-9387-db07c515d5e4)] -> id: passwordLogin]
2017-06-24 14:35:50,404  INFO [main] HomePage:86 - clicked on logged and the object is :-[[FirefoxDriver: firefox on WINDOWS (9b9d4a54-bab4-4a8c-9387-db07c515d5e4)] -> xpath: //div[@class='formButtonContainer']/input[@value='Log in now']]
2017-06-24 14:39:17,476  INFO [main] TestBase:60 - Creating object of firefox
2017-06-24 14:39:24,708  INFO [main] TestBase:87 - Navigating to :https://www.vodafone.co.uk/myvodafone
2017-06-24 14:39:48,671  INFO [main] TC01_VerifyPayMentJourney:31 - ==========Starting VerifyPayMentJourney Test===============
2017-06-24 14:40:05,306  INFO [main] HomePage:76 - Entered emailId:-multiservicepmownand object is:-[[FirefoxDriver: firefox on WINDOWS (9d901369-b6c9-4233-8c12-fb0d41654a30)] -> id: userId]
2017-06-24 14:40:06,546  INFO [main] HomePage:83 - Entered Password:-Testing1and object is:-[[FirefoxDriver: firefox on WINDOWS (9d901369-b6c9-4233-8c12-fb0d41654a30)] -> id: passwordLogin]
2017-06-24 14:40:18,424  INFO [main] HomePage:86 - clicked on logged and the object is :-Proxy element for: org.openqa.selenium.support.pagefactory.DefaultElementLocator@40499e4f
2017-06-24 14:40:19,664  INFO [main] HomePage:93 - FirstCheckBox is selected and the object is:-[[FirefoxDriver: firefox on WINDOWS (9d901369-b6c9-4233-8c12-fb0d41654a30)] -> xpath: //div[@class='formRow line checkbox js jsCheckbox']/label[text()='This isn’t a public computer or device']]
2017-06-24 14:40:19,777  INFO [main] HomePage:96 - secondCheckBox is selected and the object is:-[[FirefoxDriver: firefox on WINDOWS (9d901369-b6c9-4233-8c12-fb0d41654a30)] -> xpath: //div[@class='formRow line checkbox js jsCheckbox']/label[text()='I understand that anyone who visits My Vodafone when using this device will be able to see my account details']]
2017-06-24 14:40:20,636  INFO [main] HomePage:99 - clicked on saveCookieDetails CTA and the object is :-[[FirefoxDriver: firefox on WINDOWS (9d901369-b6c9-4233-8c12-fb0d41654a30)] -> xpath: //div[@class='formButtonContainer']/button[text()='Save login details']]
2017-06-24 14:40:24,760  INFO [main] HomePage:125 - Account summary text is :-Account summary
2017-06-24 14:40:27,046  INFO [main] HomePage:145 - Clicked on> Billing>and the object is[[FirefoxDriver: firefox on WINDOWS (9d901369-b6c9-4233-8c12-fb0d41654a30)] -> xpath: //div[@class='grid_3 ']/div[@class='nav-secondary']/ul[@id='leftHandNav']/li/a]
2017-06-24 14:40:27,047  INFO [main] TC01_VerifyPayMentJourney:51 - ==========Finished VerifyPayMentJourney Test===============
2017-06-24 14:41:58,857  INFO [main] TestBase:60 - Creating object of Chrome
2017-06-24 14:47:48,765  INFO [main] TestBase:61 - Creating object of Chrome
2017-06-24 14:52:10,446  INFO [main] TestBase:61 - Creating object of Chrome
2017-06-24 14:54:06,472  INFO [main] TestBase:61 - Creating object of Chrome
2017-06-24 14:54:13,621  INFO [main] TestBase:88 - Navigating to :https://www.vodafone.co.uk/myvodafone
2017-06-24 14:54:40,903  INFO [main] TC01_VerifyPayMentJourney:31 - ==========Starting VerifyPayMentJourney Test===============
2017-06-24 14:54:42,647  INFO [main] HomePage:76 - Entered emailId:-multiservicepmownand object is:-[[ChromeDriver: chrome on XP (4c2458afb23aa511d00fd0bdef208e1a)] -> id: userId]
2017-06-24 14:54:44,004  INFO [main] HomePage:83 - Entered Password:-Testing1and object is:-[[ChromeDriver: chrome on XP (4c2458afb23aa511d00fd0bdef208e1a)] -> id: passwordLogin]
2017-06-24 14:55:06,408  INFO [main] HomePage:86 - clicked on logged and the object is :-Proxy element for: org.openqa.selenium.support.pagefactory.DefaultElementLocator@c88a337
2017-06-24 14:55:07,131  INFO [main] HomePage:93 - FirstCheckBox is selected and the object is:-[[ChromeDriver: chrome on XP (4c2458afb23aa511d00fd0bdef208e1a)] -> xpath: //div[@class='formRow line checkbox js jsCheckbox']/label[text()='This isn’t a public computer or device']]
2017-06-24 14:55:07,280  INFO [main] HomePage:96 - secondCheckBox is selected and the object is:-[[ChromeDriver: chrome on XP (4c2458afb23aa511d00fd0bdef208e1a)] -> xpath: //div[@class='formRow line checkbox js jsCheckbox']/label[text()='I understand that anyone who visits My Vodafone when using this device will be able to see my account details']]
2017-06-24 14:55:07,579  INFO [main] HomePage:99 - clicked on saveCookieDetails CTA and the object is :-[[ChromeDriver: chrome on XP (4c2458afb23aa511d00fd0bdef208e1a)] -> xpath: //div[@class='formButtonContainer']/button[text()='Save login details']]
2017-06-24 14:55:11,831  INFO [main] HomePage:125 - Account summary text is :-Account summary
2017-06-24 14:55:20,597  INFO [main] HomePage:145 - Clicked on> Billing>and the object is[[ChromeDriver: chrome on XP (4c2458afb23aa511d00fd0bdef208e1a)] -> xpath: //div[@class='grid_3 ']/div[@class='nav-secondary']/ul[@id='leftHandNav']/li/a]
2017-06-24 14:55:20,600  INFO [main] TC01_VerifyPayMentJourney:51 - ==========Finished VerifyPayMentJourney Test===============
2017-06-24 20:19:00,881  INFO [main] TestBase:61 - Creating object of Chrome
2017-06-24 20:19:11,326  INFO [main] TestBase:88 - Navigating to :https://si9.vodafone.co.uk/myvodafone
2017-06-24 20:19:15,808  INFO [main] TestBase:61 - Creating object of Chrome
2017-06-24 20:19:21,734  INFO [main] TestBase:88 - Navigating to :https://si9.vodafone.co.uk/myvodafone
2017-06-24 20:19:28,588  INFO [pool-1-thread-2] TC01_VerifyAddnewContact:32 - ==========Starting verifyAddNewContactJourney Test===============
2017-06-24 20:19:28,588  INFO [pool-1-thread-1] TC01_VerifyPayMentJourney:31 - ==========Starting VerifyPayMentJourney Test===============
2017-06-24 20:20:27,844  INFO [main] TestBase:61 - Creating object of Chrome
2017-06-24 20:20:31,884  INFO [main] TestBase:88 - Navigating to :http://si9.vodafone.co.uk/myvodafone
2017-06-24 20:21:03,833  INFO [main] TestBase:61 - Creating object of Chrome
2017-06-24 20:21:09,044  INFO [main] TestBase:88 - Navigating to :http://si9.vodafone.co.uk/myvodafone
2017-06-24 20:21:43,354  INFO [pool-1-thread-2] TC01_VerifyAddnewContact:32 - ==========Starting verifyAddNewContactJourney Test===============
2017-06-24 20:21:43,354  INFO [pool-1-thread-1] TC01_VerifyPayMentJourney:31 - ==========Starting VerifyPayMentJourney Test===============
2017-06-24 20:21:44,886  INFO [pool-1-thread-1] HomePage:76 - Entered emailId:-vodafoneuserand object is:-[[ChromeDriver: chrome on XP (015e12eb09b4084df5c032b2801688f7)] -> id: userId]
2017-06-24 20:21:45,250  INFO [pool-1-thread-2] HomePage:76 - Entered emailId:-vodafoneuserand object is:-[[ChromeDriver: chrome on XP (015e12eb09b4084df5c032b2801688f7)] -> id: userId]
2017-06-24 20:21:46,969  INFO [pool-1-thread-1] HomePage:83 - Entered Password:-Weblogic321and object is:-[[ChromeDriver: chrome on XP (015e12eb09b4084df5c032b2801688f7)] -> id: passwordLogin]
2017-06-24 20:21:48,602  INFO [pool-1-thread-1] HomePage:86 - clicked on logged and the object is :-[[ChromeDriver: chrome on XP (015e12eb09b4084df5c032b2801688f7)] -> xpath: //div[@class='formButtonContainer']/input[@value='Log in now']]
2017-06-24 20:21:48,616  INFO [pool-1-thread-2] HomePage:83 - Entered Password:-Weblogic321and object is:-[[ChromeDriver: chrome on XP (015e12eb09b4084df5c032b2801688f7)] -> id: passwordLogin]
2017-06-24 20:22:21,936  INFO [pool-1-thread-2] HomePage:86 - clicked on logged and the object is :-Proxy element for: org.openqa.selenium.support.pagefactory.DefaultElementLocator@6cdb5567
2017-06-24 20:22:22,397  INFO [pool-1-thread-2] HomePage:93 - FirstCheckBox is selected and the object is:-[[ChromeDriver: chrome on XP (015e12eb09b4084df5c032b2801688f7)] -> xpath: //div[@class='formRow line checkbox js jsCheckbox']/label[text()='This isn’t a public computer or device']]
2017-06-24 20:22:22,512  INFO [pool-1-thread-2] HomePage:96 - secondCheckBox is selected and the object is:-[[ChromeDriver: chrome on XP (015e12eb09b4084df5c032b2801688f7)] -> xpath: //div[@class='formRow line checkbox js jsCheckbox']/label[text()='I understand that anyone who visits My Vodafone when using this device will be able to see my account details']]
2017-06-24 20:22:23,731  INFO [pool-1-thread-2] HomePage:99 - clicked on saveCookieDetails CTA and the object is :-[[ChromeDriver: chrome on XP (015e12eb09b4084df5c032b2801688f7)] -> xpath: //div[@class='formButtonContainer']/button[text()='Save login details']]
2017-06-24 20:22:27,874  INFO [pool-1-thread-2] HomePage:125 - Account summary text is :-Account summary
2017-06-24 20:22:47,478  INFO [pool-1-thread-2] HomePage:145 - Clicked on> Account settings>and the object is[[ChromeDriver: chrome on XP (015e12eb09b4084df5c032b2801688f7)] -> xpath: //div[@class='grid_3 ']/div[@class='nav-secondary']/ul[@id='leftHandNav']/li/a]
2017-06-24 20:27:30,936  INFO [main] TestBase:61 - Creating object of Chrome
2017-06-24 20:27:35,254  INFO [main] TestBase:88 - Navigating to :http://si9.vodafone.co.uk/myvodafone
2017-06-24 20:28:09,223  INFO [main] TestBase:61 - Creating object of Chrome
2017-06-24 20:28:11,819  INFO [main] TestBase:88 - Navigating to :http://si9.vodafone.co.uk/myvodafone
2017-06-24 20:28:44,157  INFO [pool-1-thread-1] TC01_VerifyPayMentJourney:31 - ==========Starting VerifyPayMentJourney Test===============
2017-06-24 20:28:44,157  INFO [pool-1-thread-2] TC01_VerifyAddnewContact:32 - ==========Starting verifyAddNewContactJourney Test===============
2017-06-24 20:28:45,537  INFO [pool-1-thread-2] HomePage:76 - Entered emailId:-vodafoneuserand object is:-[[ChromeDriver: chrome on XP (443c8ab6e8a5b2967656fde110ae4a7e)] -> id: userId]
2017-06-24 20:28:45,957  INFO [pool-1-thread-1] HomePage:76 - Entered emailId:-vodafoneuserand object is:-[[ChromeDriver: chrome on XP (443c8ab6e8a5b2967656fde110ae4a7e)] -> id: userId]
2017-06-24 20:28:46,835  INFO [pool-1-thread-2] HomePage:83 - Entered Password:-Weblogic321and object is:-[[ChromeDriver: chrome on XP (443c8ab6e8a5b2967656fde110ae4a7e)] -> id: passwordLogin]
2017-07-04 19:20:48,726  INFO [main] TestBase:61 - Creating object of Chrome
2017-07-04 19:21:07,372  INFO [main] TestBase:88 - Navigating to :https://www.vodafone.co.uk/myvodafone
2017-07-04 19:22:25,444  INFO [pool-1-thread-1] TC01_VerifyPayMentJourney:31 - ==========Starting VerifyPayMentJourney Test===============
2017-07-04 19:22:27,084  INFO [pool-1-thread-1] HomePage:76 - Entered emailId:-multiservicepmownand object is:-[[ChromeDriver: chrome on XP (025443b4c2bfc18b93443dd7847b1f58)] -> id: userId]
2017-07-04 19:22:28,505  INFO [pool-1-thread-1] HomePage:83 - Entered Password:-Testing1and object is:-[[ChromeDriver: chrome on XP (025443b4c2bfc18b93443dd7847b1f58)] -> id: passwordLogin]
2017-07-04 19:23:38,048  INFO [main] TestBase:61 - Creating object of Chrome
2017-07-04 19:23:42,357  INFO [main] TestBase:88 - Navigating to :https://stage-www.vodafone.co.uk/myvodafone
2017-07-04 19:24:14,456  INFO [pool-1-thread-1] TC01_VerifyPayMentJourney:31 - ==========Starting VerifyPayMentJourney Test===============
2017-07-04 19:24:15,904  INFO [pool-1-thread-1] HomePage:76 - Entered emailId:-multiservicepmownand object is:-[[ChromeDriver: chrome on XP (410e04ae5903bc2069b588a74407dd52)] -> id: userId]
2017-07-04 19:24:17,365  INFO [pool-1-thread-1] HomePage:83 - Entered Password:-Testing1and object is:-[[ChromeDriver: chrome on XP (410e04ae5903bc2069b588a74407dd52)] -> id: passwordLogin]
2017-07-04 19:26:02,516  INFO [main] TestBase:61 - Creating object of Chrome
2017-07-04 19:26:06,813  INFO [main] TestBase:88 - Navigating to :https://www.vodafone.co.uk/myvodafone
2017-07-04 19:26:59,954  INFO [main] TestBase:61 - Creating object of Chrome
2017-07-04 19:27:03,345  INFO [main] TestBase:88 - Navigating to :https://stage-www.vodafone.co.uk/myvodafone
2017-07-04 19:27:19,374  INFO [pool-1-thread-1] TC01_VerifyPayMentJourney:31 - ==========Starting VerifyPayMentJourney Test===============
2017-07-04 19:27:20,849  INFO [pool-1-thread-1] HomePage:76 - Entered emailId:-YS7000197262and object is:-[[ChromeDriver: chrome on XP (511465326706723c2645cf253c9fde65)] -> id: userId]
2017-07-04 19:27:22,225  INFO [pool-1-thread-1] HomePage:83 - Entered Password:-testing1and object is:-[[ChromeDriver: chrome on XP (511465326706723c2645cf253c9fde65)] -> id: passwordLogin]
2017-07-04 19:28:10,399  INFO [pool-1-thread-1] HomePage:86 - clicked on logged and the object is :-Proxy element for: org.openqa.selenium.support.pagefactory.DefaultElementLocator@5895f500
2017-07-04 19:28:11,377  INFO [pool-1-thread-1] HomePage:93 - FirstCheckBox is selected and the object is:-[[ChromeDriver: chrome on XP (511465326706723c2645cf253c9fde65)] -> xpath: //div[@class='formRow line checkbox js jsCheckbox']/label[text()='This isn’t a public computer or device']]
2017-07-04 19:28:11,571  INFO [pool-1-thread-1] HomePage:96 - secondCheckBox is selected and the object is:-[[ChromeDriver: chrome on XP (511465326706723c2645cf253c9fde65)] -> xpath: //div[@class='formRow line checkbox js jsCheckbox']/label[text()='I understand that anyone who visits My Vodafone when using this device will be able to see my account details']]
2017-07-04 19:28:13,155  INFO [pool-1-thread-1] HomePage:99 - clicked on saveCookieDetails CTA and the object is :-[[ChromeDriver: chrome on XP (511465326706723c2645cf253c9fde65)] -> xpath: //div[@class='formButtonContainer']/button[text()='Save login details']]
2017-07-04 19:28:17,347  INFO [pool-1-thread-1] HomePage:125 - Account summary text is :-Account summary
2017-07-04 19:28:40,887  INFO [pool-1-thread-1] HomePage:145 - Clicked on> Billing>and the object is[[ChromeDriver: chrome on XP (511465326706723c2645cf253c9fde65)] -> xpath: //div[@class='grid_3 ']/div[@class='nav-secondary']/ul[@id='leftHandNav']/li/a]
2017-07-04 19:28:40,887  INFO [pool-1-thread-1] TC01_VerifyPayMentJourney:51 - ==========Finished VerifyPayMentJourney Test===============
2017-07-04 19:30:40,778  INFO [main] TestBase:61 - Creating object of Chrome
2017-07-04 19:30:44,243  INFO [main] TestBase:88 - Navigating to :https://stage-www.vodafone.co.uk/myvodafone
2017-07-04 19:31:01,534  INFO [pool-1-thread-1] TC01_VerifyPayMentJourney:31 - ==========Starting VerifyPayMentJourney Test===============
2017-07-04 19:31:03,125  INFO [pool-1-thread-1] HomePage:76 - Entered emailId:-YS7000197262and object is:-[[ChromeDriver: chrome on XP (c46057877987abdf258c75ddde1ae323)] -> id: userId]
2017-07-04 19:31:04,468  INFO [pool-1-thread-1] HomePage:83 - Entered Password:-testing1and object is:-[[ChromeDriver: chrome on XP (c46057877987abdf258c75ddde1ae323)] -> id: passwordLogin]
2017-07-04 19:31:40,030  INFO [pool-1-thread-1] HomePage:86 - clicked on logged and the object is :-[[ChromeDriver: chrome on XP (c46057877987abdf258c75ddde1ae323)] -> xpath: //div[@class='formButtonContainer']/input[@value='Log in now']]
2017-07-04 19:32:51,078  INFO [main] TestBase:61 - Creating object of Chrome
2017-07-04 19:32:55,310  INFO [main] TestBase:88 - Navigating to :http://stage-www.vodafone.co.uk/myvodafone
2017-07-04 19:33:20,241  INFO [pool-1-thread-1] TC01_VerifyPayMentJourney:31 - ==========Starting VerifyPayMentJourney Test===============
2017-07-04 19:33:21,682  INFO [pool-1-thread-1] HomePage:76 - Entered emailId:-YS7000197262and object is:-[[ChromeDriver: chrome on XP (a3bd2bca9a5062fad76e2c3862212391)] -> id: userId]
2017-07-04 19:33:23,028  INFO [pool-1-thread-1] HomePage:83 - Entered Password:-testing1and object is:-[[ChromeDriver: chrome on XP (a3bd2bca9a5062fad76e2c3862212391)] -> id: passwordLogin]
2017-07-04 19:34:13,832  INFO [pool-1-thread-1] HomePage:86 - clicked on logged and the object is :-Proxy element for: org.openqa.selenium.support.pagefactory.DefaultElementLocator@645e8bb5
2017-07-04 19:34:14,706  INFO [pool-1-thread-1] HomePage:93 - FirstCheckBox is selected and the object is:-[[ChromeDriver: chrome on XP (a3bd2bca9a5062fad76e2c3862212391)] -> xpath: //div[@class='formRow line checkbox js jsCheckbox']/label[text()='This isn’t a public computer or device']]
2017-07-04 19:34:14,867  INFO [pool-1-thread-1] HomePage:96 - secondCheckBox is selected and the object is:-[[ChromeDriver: chrome on XP (a3bd2bca9a5062fad76e2c3862212391)] -> xpath: //div[@class='formRow line checkbox js jsCheckbox']/label[text()='I understand that anyone who visits My Vodafone when using this device will be able to see my account details']]
2017-07-04 19:34:17,612  INFO [pool-1-thread-1] HomePage:99 - clicked on saveCookieDetails CTA and the object is :-[[ChromeDriver: chrome on XP (a3bd2bca9a5062fad76e2c3862212391)] -> xpath: //div[@class='formButtonContainer']/button[text()='Save login details']]
2017-07-04 19:34:21,764  INFO [pool-1-thread-1] HomePage:125 - Account summary text is :-Account summary
2017-07-04 19:34:47,113  INFO [pool-1-thread-1] HomePage:145 - Clicked on> Billing>and the object is[[ChromeDriver: chrome on XP (a3bd2bca9a5062fad76e2c3862212391)] -> xpath: //div[@class='grid_3 ']/div[@class='nav-secondary']/ul[@id='leftHandNav']/li/a]
2017-07-04 19:34:51,405  INFO [pool-1-thread-1] HomePage:166 - Clicked on MakeAPayment and the object is :>[[ChromeDriver: chrome on XP (a3bd2bca9a5062fad76e2c3862212391)] -> xpath: .//*[@id='T:oc_2333892606region1:0:pay-now']]
2017-07-04 19:35:51,733  INFO [main] TestBase:61 - Creating object of firefox
2017-07-04 19:36:06,571  INFO [main] TestBase:88 - Navigating to :https://stage-www.vodafone.co.uk/myvodafone
2017-07-04 19:37:08,758  INFO [pool-1-thread-1] TC01_VerifyPayMentJourney:31 - ==========Starting VerifyPayMentJourney Test===============
2017-07-04 19:37:11,052  INFO [pool-1-thread-1] HomePage:76 - Entered emailId:-YS7000197262and object is:-[[FirefoxDriver: firefox on WINDOWS (487045c9-4d88-4071-be32-3c5ce892762e)] -> id: userId]
2017-07-04 19:37:12,740  INFO [pool-1-thread-1] HomePage:83 - Entered Password:-testing1and object is:-[[FirefoxDriver: firefox on WINDOWS (487045c9-4d88-4071-be32-3c5ce892762e)] -> id: passwordLogin]
2017-07-04 19:37:58,901  INFO [pool-1-thread-1] HomePage:86 - clicked on logged and the object is :-Proxy element for: org.openqa.selenium.support.pagefactory.DefaultElementLocator@a9ca16f
2017-07-04 19:37:59,582  INFO [pool-1-thread-1] HomePage:93 - FirstCheckBox is selected and the object is:-[[FirefoxDriver: firefox on WINDOWS (487045c9-4d88-4071-be32-3c5ce892762e)] -> xpath: //div[@class='formRow line checkbox js jsCheckbox']/label[text()='This isn’t a public computer or device']]
2017-07-04 19:37:59,713  INFO [pool-1-thread-1] HomePage:96 - secondCheckBox is selected and the object is:-[[FirefoxDriver: firefox on WINDOWS (487045c9-4d88-4071-be32-3c5ce892762e)] -> xpath: //div[@class='formRow line checkbox js jsCheckbox']/label[text()='I understand that anyone who visits My Vodafone when using this device will be able to see my account details']]
2017-07-04 19:38:01,038  INFO [pool-1-thread-1] HomePage:99 - clicked on saveCookieDetails CTA and the object is :-[[FirefoxDriver: firefox on WINDOWS (487045c9-4d88-4071-be32-3c5ce892762e)] -> xpath: //div[@class='formButtonContainer']/button[text()='Save login details']]
2017-07-04 19:38:06,528  INFO [pool-1-thread-1] HomePage:125 - Account summary text is :-Account summary
2017-07-04 19:38:08,528  INFO [pool-1-thread-1] HomePage:145 - Clicked on> Billing>and the object is[[FirefoxDriver: firefox on WINDOWS (487045c9-4d88-4071-be32-3c5ce892762e)] -> xpath: //div[@class='grid_3 ']/div[@class='nav-secondary']/ul[@id='leftHandNav']/li/a]
2017-07-07 12:02:03,679  INFO [main] TestBase:61 - Creating object of Chrome
2017-07-07 12:02:20,476  INFO [main] TestBase:88 - Navigating to :https://stage-www.vodafone.co.uk/myvodafone
2017-07-07 12:03:06,978  INFO [main] TestBase:61 - Creating object of firefox
2017-07-07 12:03:33,623  INFO [main] TestBase:88 - Navigating to :https://stage-www.vodafone.co.uk/myvodafone
2017-07-07 12:05:10,654  INFO [pool-1-thread-1] TC01_VerifyPayMentJourney:31 - ==========Starting VerifyPayMentJourney Test===============
2017-07-07 12:05:20,352  INFO [pool-1-thread-1] HomePage:76 - Entered emailId:-YS7000197262and object is:-[[FirefoxDriver: firefox on WINDOWS (61941df9-54e1-43b7-81c0-7b73b774306a)] -> id: userId]
2017-07-07 12:05:21,668  INFO [pool-1-thread-1] HomePage:83 - Entered Password:-testing1and object is:-[[FirefoxDriver: firefox on WINDOWS (61941df9-54e1-43b7-81c0-7b73b774306a)] -> id: passwordLogin]
